[debug] [2022-09-25T17:03:47.502Z] ----------------------------------------------------------------------
[debug] [2022-09-25T17:03:47.505Z] Command:       C:\Program Files\nodejs\node.exe C:\Program Files\nodejs\node_modules\firebase-tools\lib\bin\firebase.js deploy --only functions,hosting
[debug] [2022-09-25T17:03:47.506Z] CLI Version:   11.0.1
[debug] [2022-09-25T17:03:47.506Z] Platform:      win32
[debug] [2022-09-25T17:03:47.506Z] Node Version:  v16.15.0
[debug] [2022-09-25T17:03:47.507Z] Time:          Sun Sep 25 2022 12:03:47 GMT-0500 (hora de verano central)
[debug] [2022-09-25T17:03:47.507Z] ----------------------------------------------------------------------
[debug] 
[debug] [2022-09-25T17:03:47.597Z] > command requires scopes: ["email","openid","https://www.googleapis.com/auth/cloudplatformprojects.readonly","https://www.googleapis.com/auth/firebase","https://www.googleapis.com/auth/cloud-platform"]
[debug] [2022-09-25T17:03:47.597Z] > authorizing via signed-in user (devdiegoest@gmail.com)
[debug] [2022-09-25T17:03:47.597Z] [iam] checking project resource-delegation for permissions ["cloudfunctions.functions.create","cloudfunctions.functions.delete","cloudfunctions.functions.get","cloudfunctions.functions.list","cloudfunctions.functions.update","cloudfunctions.operations.get","firebase.projects.get","firebasehosting.sites.update"]
[debug] [2022-09-25T17:03:47.600Z] >>> [apiv2][query] POST https://cloudresourcemanager.googleapis.com/v1/projects/resource-delegation:testIamPermissions [none]
[debug] [2022-09-25T17:03:47.601Z] >>> [apiv2][body] POST https://cloudresourcemanager.googleapis.com/v1/projects/resource-delegation:testIamPermissions {"permissions":["cloudfunctions.functions.create","cloudfunctions.functions.delete","cloudfunctions.functions.get","cloudfunctions.functions.list","cloudfunctions.functions.update","cloudfunctions.operations.get","firebase.projects.get","firebasehosting.sites.update"]}
[debug] [2022-09-25T17:03:48.161Z] <<< [apiv2][status] POST https://cloudresourcemanager.googleapis.com/v1/projects/resource-delegation:testIamPermissions 200
[debug] [2022-09-25T17:03:48.161Z] <<< [apiv2][body] POST https://cloudresourcemanager.googleapis.com/v1/projects/resource-delegation:testIamPermissions {"permissions":["cloudfunctions.functions.create","cloudfunctions.functions.delete","cloudfunctions.functions.get","cloudfunctions.functions.list","cloudfunctions.functions.update","cloudfunctions.operations.get","firebase.projects.get","firebasehosting.sites.update"]}
[debug] [2022-09-25T17:03:48.162Z] >>> [apiv2][query] POST https://iam.googleapis.com/v1/projects/resource-delegation/serviceAccounts/resource-delegation@appspot.gserviceaccount.com:testIamPermissions [none]
[debug] [2022-09-25T17:03:48.162Z] >>> [apiv2][body] POST https://iam.googleapis.com/v1/projects/resource-delegation/serviceAccounts/resource-delegation@appspot.gserviceaccount.com:testIamPermissions {"permissions":["iam.serviceAccounts.actAs"]}
[debug] [2022-09-25T17:03:48.696Z] <<< [apiv2][status] POST https://iam.googleapis.com/v1/projects/resource-delegation/serviceAccounts/resource-delegation@appspot.gserviceaccount.com:testIamPermissions 200
[debug] [2022-09-25T17:03:48.697Z] <<< [apiv2][body] POST https://iam.googleapis.com/v1/projects/resource-delegation/serviceAccounts/resource-delegation@appspot.gserviceaccount.com:testIamPermissions {"permissions":["iam.serviceAccounts.actAs"]}
[debug] [2022-09-25T17:03:48.700Z] >>> [apiv2][query] GET https://firebase.googleapis.com/v1beta1/projects/resource-delegation [none]
[debug] [2022-09-25T17:03:49.063Z] <<< [apiv2][status] GET https://firebase.googleapis.com/v1beta1/projects/resource-delegation 200
[debug] [2022-09-25T17:03:49.063Z] <<< [apiv2][body] GET https://firebase.googleapis.com/v1beta1/projects/resource-delegation {"projectId":"resource-delegation","projectNumber":"229874747892","displayName":"resource-delegation","name":"projects/resource-delegation","resources":{"hostingSite":"resource-delegation","storageBucket":"resource-delegation.appspot.com","locationId":"us-central"},"state":"ACTIVE","etag":"1_5f15a87f-72ed-4622-896c-1ffde8b91cec"}
[info] 
[info] === Deploying to 'resource-delegation'...
[info] 
[info] i  deploying functions, hosting 
[debug] [2022-09-25T17:03:49.077Z] >>> [apiv2][query] GET https://firebase.googleapis.com/v1beta1/projects/resource-delegation [none]
[debug] [2022-09-25T17:03:49.449Z] <<< [apiv2][status] GET https://firebase.googleapis.com/v1beta1/projects/resource-delegation 200
[debug] [2022-09-25T17:03:49.449Z] <<< [apiv2][body] GET https://firebase.googleapis.com/v1beta1/projects/resource-delegation {"projectId":"resource-delegation","projectNumber":"229874747892","displayName":"resource-delegation","name":"projects/resource-delegation","resources":{"hostingSite":"resource-delegation","storageBucket":"resource-delegation.appspot.com","locationId":"us-central"},"state":"ACTIVE","etag":"1_5f15a87f-72ed-4622-896c-1ffde8b91cec"}
[info] i  functions: ensuring required API cloudfunctions.googleapis.com is enabled... 
[info] i  functions: ensuring required API cloudbuild.googleapis.com is enabled... 
[debug] [2022-09-25T17:03:49.455Z] >>> [apiv2][query] GET https://serviceusage.googleapis.com/v1/projects/resource-delegation/services/cloudfunctions.googleapis.com [none]
[debug] [2022-09-25T17:03:49.458Z] >>> [apiv2][query] GET https://serviceusage.googleapis.com/v1/projects/resource-delegation/services/runtimeconfig.googleapis.com [none]
[debug] [2022-09-25T17:03:49.460Z] >>> [apiv2][query] GET https://serviceusage.googleapis.com/v1/projects/resource-delegation/services/cloudbuild.googleapis.com [none]
[debug] [2022-09-25T17:03:49.462Z] >>> [apiv2][query] GET https://serviceusage.googleapis.com/v1/projects/resource-delegation/services/artifactregistry.googleapis.com [none]
[debug] [2022-09-25T17:03:49.951Z] <<< [apiv2][status] GET https://serviceusage.googleapis.com/v1/projects/resource-delegation/services/runtimeconfig.googleapis.com 200
[debug] [2022-09-25T17:03:49.951Z] <<< [apiv2][body] GET https://serviceusage.googleapis.com/v1/projects/resource-delegation/services/runtimeconfig.googleapis.com [omitted]
[debug] [2022-09-25T17:03:49.982Z] <<< [apiv2][status] GET https://serviceusage.googleapis.com/v1/projects/resource-delegation/services/artifactregistry.googleapis.com 200
[debug] [2022-09-25T17:03:49.982Z] <<< [apiv2][body] GET https://serviceusage.googleapis.com/v1/projects/resource-delegation/services/artifactregistry.googleapis.com [omitted]
[debug] [2022-09-25T17:03:49.983Z] <<< [apiv2][status] GET https://serviceusage.googleapis.com/v1/projects/resource-delegation/services/cloudbuild.googleapis.com 200
[debug] [2022-09-25T17:03:49.983Z] <<< [apiv2][body] GET https://serviceusage.googleapis.com/v1/projects/resource-delegation/services/cloudbuild.googleapis.com [omitted]
[info] +  functions: required API cloudbuild.googleapis.com is enabled 
[debug] [2022-09-25T17:03:49.987Z] <<< [apiv2][status] GET https://serviceusage.googleapis.com/v1/projects/resource-delegation/services/cloudfunctions.googleapis.com 200
[debug] [2022-09-25T17:03:49.987Z] <<< [apiv2][body] GET https://serviceusage.googleapis.com/v1/projects/resource-delegation/services/cloudfunctions.googleapis.com [omitted]
[info] +  functions: required API cloudfunctions.googleapis.com is enabled 
[debug] [2022-09-25T17:03:49.989Z] >>> [apiv2][query] GET https://firebase.googleapis.com/v1beta1/projects/resource-delegation/adminSdkConfig [none]
[debug] [2022-09-25T17:03:50.338Z] <<< [apiv2][status] GET https://firebase.googleapis.com/v1beta1/projects/resource-delegation/adminSdkConfig 200
[debug] [2022-09-25T17:03:50.339Z] <<< [apiv2][body] GET https://firebase.googleapis.com/v1beta1/projects/resource-delegation/adminSdkConfig {"projectId":"resource-delegation","storageBucket":"resource-delegation.appspot.com","locationId":"us-central"}
[debug] [2022-09-25T17:03:50.339Z] >>> [apiv2][query] GET https://runtimeconfig.googleapis.com/v1beta1/projects/resource-delegation/configs [none]
[debug] [2022-09-25T17:03:50.880Z] <<< [apiv2][status] GET https://runtimeconfig.googleapis.com/v1beta1/projects/resource-delegation/configs 200
[debug] [2022-09-25T17:03:50.881Z] <<< [apiv2][body] GET https://runtimeconfig.googleapis.com/v1beta1/projects/resource-delegation/configs {}
[info] i  functions: preparing codebase default for deployment 
[debug] [2022-09-25T17:03:50.884Z] Validating nodejs source
[debug] [2022-09-25T17:04:01.026Z] > [functions] package.json contents: {
  "name": "resource-delegation",
  "version": "0.1.0",
  "private": true,
  "type": "module",
  "main": "index.js",
  "scripts": {
    "build": "react-scripts build",
    "deploy": "rm -f -R build && react-scripts build && firebase deploy --only functions,hosting && rm -f -R build",
    "deploy-windows": "npm run build && firebase deploy --only functions,hosting && npm run remove-build",
    "local-client": "react-scripts start",
    "local-server": "nodemon dev-start.js",
    "remove-build": "RD /S /Q build",
    "dev": "concurrently \"npm run local-server\" \"npm run local-client\"",
    "test": "jest"
  },
  "dependencies": {
    "@react-three/fiber": "^8.8.2",
    "axios": "^0.21.1",
    "body-parser": "^1.19.1",
    "bootstrap": "^4.5.3",
    "cors": "^2.8.5",
    "express": "^4.17.1",
    "firebase": "^9.6.1",
    "firebase-admin": "^10.0.1",
    "firebase-functions": "^3.23.0",
    "jest": "^26.6.0",
    "multer": "^1.4.4",
    "path": "^0.12.7",
    "react": "^18.2.0",
    "react-dom": "^18.2.0",
    "react-force-graph": "^1.41.14",
    "react-router-dom": "^5.2.0",
    "react-scripts": "^5.0.1",
    "three": "^0.144.0"
  },
  "eslintConfig": {
    "extends": [
      "react-app",
      "react-app/jest"
    ]
  },
  "devDependencies": {
    "@babel/plugin-transform-modules-commonjs": "^7.17.7",
    "@types/cors": "^2.8.12",
    "@types/react": "^18.0.20",
    "@types/react-datepicker": "^4.4.2",
    "@types/react-dom": "^18.0.6",
    "@types/react-router-dom": "^5.3.3",
    "concurrently": "^6.3.0",
    "nodemon": "^2.0.14",
    "tailwindcss": "^3.1.8"
  },
  "browserslist": {
    "production": [
      ">0.2%",
      "not dead",
      "not op_mini all"
    ],
    "development": [
      "last 1 chrome version",
      "last 1 firefox version",
      "last 1 safari version"
    ]
  }
}
[debug] [2022-09-25T17:04:01.026Z] Building nodejs source
[info] i  functions: Loaded environment variables from .env. 
[debug] [2022-09-25T17:04:01.029Z] Analyzing nodejs backend spec
[debug] [2022-09-25T17:04:01.031Z] Could not find functions.yaml. Must use http discovery
[debug] [2022-09-25T17:04:01.846Z] Serving at port 9005

[debug] [2022-09-25T17:04:02.544Z] Got response from /__/functions.yaml {"endpoints":{"api":{"platform":"gcfv1","httpsTrigger":{},"entryPoint":"api"}},"specVersion":"v1alpha1","requiredAPIs":[]}
[debug] [2022-09-25T17:04:02.558Z] shutdown requested via /__/quitquitquit

[info] i  functions: preparing . directory for uploading... 
[info] i  functions: packaged C:\Users\Diego\Desarrollo\resource-delegation (509.67 KB) for uploading 
[debug] [2022-09-25T17:04:03.001Z] >>> [apiv2][query] GET https://cloudfunctions.googleapis.com/v1/projects/resource-delegation/locations/-/functions [none]
[debug] [2022-09-25T17:04:03.724Z] <<< [apiv2][status] GET https://cloudfunctions.googleapis.com/v1/projects/resource-delegation/locations/-/functions 200
[debug] [2022-09-25T17:04:03.724Z] <<< [apiv2][body] GET https://cloudfunctions.googleapis.com/v1/projects/resource-delegation/locations/-/functions {"functions":[{"name":"projects/resource-delegation/locations/us-central1/functions/api","httpsTrigger":{"url":"https://us-central1-resource-delegation.cloudfunctions.net/api","securityLevel":"SECURE_ALWAYS"},"status":"ACTIVE","entryPoint":"api","timeout":"60s","availableMemoryMb":256,"serviceAccountEmail":"resource-delegation@appspot.gserviceaccount.com","updateTime":"2022-09-25T16:49:07.800Z","versionId":"2","labels":{"deployment-tool":"cli-firebase"},"sourceUploadUrl":"https://storage.googleapis.com/uploads-812891418493.us-central1.cloudfunctions.appspot.com/8a5ec775-c781-4109-9c41-c2e96704153f.zip","environmentVariables":{"BROWSER":"none","FIREBASE_CONFIG":"{\"projectId\":\"resource-delegation\",\"storageBucket\":\"resource-delegation.appspot.com\",\"locationId\":\"us-central\"}","GCLOUD_PROJECT":"resource-delegation"},"runtime":"nodejs16","ingressSettings":"ALLOW_ALL","buildId":"8b7defc8-94b9-41ed-a54d-75418d6c2bce","buildName":"projects/229874747892/locations/us-central1/builds/8b7defc8-94b9-41ed-a54d-75418d6c2bce","dockerRegistry":"CONTAINER_REGISTRY"}]}
[debug] [2022-09-25T17:04:03.727Z] >>> [apiv2][query] GET https://cloudfunctions.googleapis.com/v2alpha/projects/resource-delegation/locations/-/functions [none]
[debug] [2022-09-25T17:04:04.348Z] <<< [apiv2][status] GET https://cloudfunctions.googleapis.com/v2alpha/projects/resource-delegation/locations/-/functions 200
[debug] [2022-09-25T17:04:04.349Z] <<< [apiv2][body] GET https://cloudfunctions.googleapis.com/v2alpha/projects/resource-delegation/locations/-/functions {}
[debug] [2022-09-25T17:04:04.371Z] >>> [apiv2][query] GET https://firebase.googleapis.com/v1beta1/projects/resource-delegation [none]
[debug] [2022-09-25T17:04:04.757Z] <<< [apiv2][status] GET https://firebase.googleapis.com/v1beta1/projects/resource-delegation 200
[debug] [2022-09-25T17:04:04.757Z] <<< [apiv2][body] GET https://firebase.googleapis.com/v1beta1/projects/resource-delegation {"projectId":"resource-delegation","projectNumber":"229874747892","displayName":"resource-delegation","name":"projects/resource-delegation","resources":{"hostingSite":"resource-delegation","storageBucket":"resource-delegation.appspot.com","locationId":"us-central"},"state":"ACTIVE","etag":"1_5f15a87f-72ed-4622-896c-1ffde8b91cec"}
[debug] [2022-09-25T17:04:04.763Z] >>> [apiv2][query] POST https://firebasehosting.googleapis.com/v1beta1/projects/229874747892/sites/resource-delegation/versions [none]
[debug] [2022-09-25T17:04:04.763Z] >>> [apiv2][body] POST https://firebasehosting.googleapis.com/v1beta1/projects/229874747892/sites/resource-delegation/versions {"config":{"rewrites":[{"glob":"**","function":"api","functionRegion":"us-central1"}]},"labels":{"deployment-tool":"cli-firebase"}}
[debug] [2022-09-25T17:04:05.587Z] <<< [apiv2][status] POST https://firebasehosting.googleapis.com/v1beta1/projects/229874747892/sites/resource-delegation/versions 200
[debug] [2022-09-25T17:04:05.587Z] <<< [apiv2][body] POST https://firebasehosting.googleapis.com/v1beta1/projects/229874747892/sites/resource-delegation/versions {"name":"projects/229874747892/sites/resource-delegation/versions/11a54b7258b38680","status":"CREATED","config":{"rewrites":[{"functionRegion":"us-central1","glob":"**","function":"api"}]},"labels":{"deployment-tool":"cli-firebase"}}
[debug] [2022-09-25T17:04:05.589Z] >>> [apiv2][query] POST https://cloudfunctions.googleapis.com/v1/projects/resource-delegation/locations/us-central1/functions:generateUploadUrl [none]
[debug] [2022-09-25T17:04:05.589Z] >>> [apiv2][body] POST https://cloudfunctions.googleapis.com/v1/projects/resource-delegation/locations/us-central1/functions:generateUploadUrl {}
[debug] [2022-09-25T17:04:06.192Z] <<< [apiv2][status] POST https://cloudfunctions.googleapis.com/v1/projects/resource-delegation/locations/us-central1/functions:generateUploadUrl 200
[debug] [2022-09-25T17:04:06.193Z] <<< [apiv2][body] POST https://cloudfunctions.googleapis.com/v1/projects/resource-delegation/locations/us-central1/functions:generateUploadUrl {"uploadUrl":"https://storage.googleapis.com/uploads-812891418493.us-central1.cloudfunctions.appspot.com/7d8b5ac3-1236-4d9c-9102-8c817e8c1707.zip?GoogleAccessId=service-229874747892@gcf-admin-robot.iam.gserviceaccount.com&Expires=1664127246&Signature=NYoHbrUy5gEUPMtDPPfen6DTlR9hXfxLnPuPbMNlLBPPXlA%2FBJB30%2FLzYdI5I2W7tEWHC2VU7IsSESVBUP8uuOBcTaFBO7gkIelbGOZNi3DCd1FYMt77emmatvcF5cYwThGbhkGIObMPfFy%2BiM%2FWhbjdJN1mg9FJoAvNsJVdFw%2FLY4%2BgY2CB9bng4AWTE5deE%2FjGpKZBmtgntXQa7UB867D3izYmrE4JUogtnS0yybafSUAdbppCXNlg99qY1zrOxmqFRSPOEldykTKZ0SvOemadfFZRWBGIYYjG5pbzX1aaWg8%2FmApASYX4CUu6%2BTW80GYHt3hIrNa0Z%2BFSDpZfmA%3D%3D"}
[debug] [2022-09-25T17:04:06.194Z] >>> [apiv2][query] PUT https://storage.googleapis.com/uploads-812891418493.us-central1.cloudfunctions.appspot.com/7d8b5ac3-1236-4d9c-9102-8c817e8c1707.zip GoogleAccessId=service-229874747892%40gcf-admin-robot.iam.gserviceaccount.com&Expires=1664127246&Signature=NYoHbrUy5gEUPMtDPPfen6DTlR9hXfxLnPuPbMNlLBPPXlA%2FBJB30%2FLzYdI5I2W7tEWHC2VU7IsSESVBUP8uuOBcTaFBO7gkIelbGOZNi3DCd1FYMt77emmatvcF5cYwThGbhkGIObMPfFy%2BiM%2FWhbjdJN1mg9FJoAvNsJVdFw%2FLY4%2BgY2CB9bng4AWTE5deE%2FjGpKZBmtgntXQa7UB867D3izYmrE4JUogtnS0yybafSUAdbppCXNlg99qY1zrOxmqFRSPOEldykTKZ0SvOemadfFZRWBGIYYjG5pbzX1aaWg8%2FmApASYX4CUu6%2BTW80GYHt3hIrNa0Z%2BFSDpZfmA%3D%3D
[debug] [2022-09-25T17:04:06.194Z] >>> [apiv2][body] PUT https://storage.googleapis.com/uploads-812891418493.us-central1.cloudfunctions.appspot.com/7d8b5ac3-1236-4d9c-9102-8c817e8c1707.zip [stream]
[debug] [2022-09-25T17:04:06.797Z] <<< [apiv2][status] PUT https://storage.googleapis.com/uploads-812891418493.us-central1.cloudfunctions.appspot.com/7d8b5ac3-1236-4d9c-9102-8c817e8c1707.zip 200
[debug] [2022-09-25T17:04:06.797Z] <<< [apiv2][body] PUT https://storage.googleapis.com/uploads-812891418493.us-central1.cloudfunctions.appspot.com/7d8b5ac3-1236-4d9c-9102-8c817e8c1707.zip [omitted]
[info] +  functions: . folder uploaded successfully 
[info] i  hosting[resource-delegation]: beginning deploy... 
[info] i  hosting[resource-delegation]: found 2 files in build 
[debug] [2022-09-25T17:04:06.805Z] [hosting] uploading with 200 concurrency
[debug] [2022-09-25T17:04:06.813Z] [hosting] hash cache [YnVpbGQ] stored for 2 files
[debug] [2022-09-25T17:04:06.813Z] [hosting][hash queue][FINAL] {"max":1,"min":0,"avg":0,"active":0,"complete":2,"success":2,"errored":0,"retried":0,"total":2,"elapsed":4}
[debug] [2022-09-25T17:04:06.814Z] >>> [apiv2][query] POST https://firebasehosting.googleapis.com/v1beta1/projects/229874747892/sites/resource-delegation/versions/11a54b7258b38680:populateFiles [none]
[debug] [2022-09-25T17:04:06.814Z] >>> [apiv2][body] POST https://firebasehosting.googleapis.com/v1beta1/projects/229874747892/sites/resource-delegation/versions/11a54b7258b38680:populateFiles {"files":{"/404.html":"daa499dd96d8229e73235345702ba32f0793f0c8e5c0d30e40e37a5872be57aa","/index.html":"07c3be46501878c085620a1f38dd15d257b664dfe1551b324bc48fb612b0a637"}}
[debug] [2022-09-25T17:04:07.330Z] <<< [apiv2][status] POST https://firebasehosting.googleapis.com/v1beta1/projects/229874747892/sites/resource-delegation/versions/11a54b7258b38680:populateFiles 200
[debug] [2022-09-25T17:04:07.330Z] <<< [apiv2][body] POST https://firebasehosting.googleapis.com/v1beta1/projects/229874747892/sites/resource-delegation/versions/11a54b7258b38680:populateFiles {"uploadUrl":"https://upload-firebasehosting.googleapis.com/upload/sites/resource-delegation/versions/11a54b7258b38680/files"}
[debug] [2022-09-25T17:04:07.330Z] [hosting][populate queue][FINAL] {"max":519,"min":519,"avg":519,"active":0,"complete":1,"success":1,"errored":0,"retried":0,"total":1,"elapsed":519}
[debug] [2022-09-25T17:04:07.330Z] [hosting] uploads queued: 0
[debug] [2022-09-25T17:04:07.330Z] [hosting][upload queue][FINAL] {"max":0,"min":9999999999,"avg":0,"active":0,"complete":0,"success":0,"errored":0,"retried":0,"total":0,"elapsed":1664125447330}
[info] +  hosting[resource-delegation]: file upload complete 
[debug] [2022-09-25T17:04:07.331Z] [hosting] deploy completed after 532ms
[info] i  functions: updating Node.js 16 function api(us-central1)... 
[debug] [2022-09-25T17:04:07.340Z] >>> [apiv2][query] PATCH https://cloudfunctions.googleapis.com/v1/projects/resource-delegation/locations/us-central1/functions/api updateMask=name%2CsourceUploadUrl%2CentryPoint%2Cruntime%2Clabels%2ChttpsTrigger.securityLevel%2CavailableMemoryMb%2CenvironmentVariables%2CsourceToken
[debug] [2022-09-25T17:04:07.340Z] >>> [apiv2][body] PATCH https://cloudfunctions.googleapis.com/v1/projects/resource-delegation/locations/us-central1/functions/api {"name":"projects/resource-delegation/locations/us-central1/functions/api","sourceUploadUrl":"https://storage.googleapis.com/uploads-812891418493.us-central1.cloudfunctions.appspot.com/7d8b5ac3-1236-4d9c-9102-8c817e8c1707.zip?GoogleAccessId=service-229874747892@gcf-admin-robot.iam.gserviceaccount.com&Expires=1664127246&Signature=NYoHbrUy5gEUPMtDPPfen6DTlR9hXfxLnPuPbMNlLBPPXlA%2FBJB30%2FLzYdI5I2W7tEWHC2VU7IsSESVBUP8uuOBcTaFBO7gkIelbGOZNi3DCd1FYMt77emmatvcF5cYwThGbhkGIObMPfFy%2BiM%2FWhbjdJN1mg9FJoAvNsJVdFw%2FLY4%2BgY2CB9bng4AWTE5deE%2FjGpKZBmtgntXQa7UB867D3izYmrE4JUogtnS0yybafSUAdbppCXNlg99qY1zrOxmqFRSPOEldykTKZ0SvOemadfFZRWBGIYYjG5pbzX1aaWg8%2FmApASYX4CUu6%2BTW80GYHt3hIrNa0Z%2BFSDpZfmA%3D%3D","entryPoint":"api","runtime":"nodejs16","labels":{"deployment-tool":"cli-firebase"},"httpsTrigger":{"securityLevel":"SECURE_ALWAYS"},"availableMemoryMb":256,"environmentVariables":{"BROWSER":"none","FIREBASE_CONFIG":"{\"projectId\":\"resource-delegation\",\"storageBucket\":\"resource-delegation.appspot.com\",\"locationId\":\"us-central\"}","GCLOUD_PROJECT":"resource-delegation"}}
[debug] [2022-09-25T17:04:07.958Z] <<< [apiv2][status] PATCH https://cloudfunctions.googleapis.com/v1/projects/resource-delegation/locations/us-central1/functions/api 200
[debug] [2022-09-25T17:04:07.958Z] <<< [apiv2][body] PATCH https://cloudfunctions.googleapis.com/v1/projects/resource-delegation/locations/us-central1/functions/api {"name":"operations/cmVzb3VyY2UtZGVsZWdhdGlvbi91cy1jZW50cmFsMS9hcGkvLTczREc1ajhFY0U","metadata":{"@type":"type.googleapis.com/google.cloud.functions.v1.OperationMetadataV1","target":"projects/resource-delegation/locations/us-central1/functions/api","type":"UPDATE_FUNCTION","request":{"@type":"type.googleapis.com/google.cloud.functions.v1.CloudFunction","name":"projects/resource-delegation/locations/us-central1/functions/api","httpsTrigger":{"url":"https://us-central1-resource-delegation.cloudfunctions.net/api","securityLevel":"SECURE_ALWAYS"},"status":"ACTIVE","entryPoint":"api","timeout":"60s","availableMemoryMb":256,"serviceAccountEmail":"resource-delegation@appspot.gserviceaccount.com","updateTime":"2022-09-25T16:49:07.800Z","versionId":"2","labels":{"deployment-tool":"cli-firebase"},"sourceUploadUrl":"https://storage.googleapis.com/uploads-812891418493.us-central1.cloudfunctions.appspot.com/7d8b5ac3-1236-4d9c-9102-8c817e8c1707.zip?GoogleAccessId=service-229874747892@gcf-admin-robot.iam.gserviceaccount.com&Expires=1664127246&Signature=NYoHbrUy5gEUPMtDPPfen6DTlR9hXfxLnPuPbMNlLBPPXlA%2FBJB30%2FLzYdI5I2W7tEWHC2VU7IsSESVBUP8uuOBcTaFBO7gkIelbGOZNi3DCd1FYMt77emmatvcF5cYwThGbhkGIObMPfFy%2BiM%2FWhbjdJN1mg9FJoAvNsJVdFw%2FLY4%2BgY2CB9bng4AWTE5deE%2FjGpKZBmtgntXQa7UB867D3izYmrE4JUogtnS0yybafSUAdbppCXNlg99qY1zrOxmqFRSPOEldykTKZ0SvOemadfFZRWBGIYYjG5pbzX1aaWg8%2FmApASYX4CUu6%2BTW80GYHt3hIrNa0Z%2BFSDpZfmA%3D%3D","environmentVariables":{"BROWSER":"none","FIREBASE_CONFIG":"{\"projectId\":\"resource-delegation\",\"storageBucket\":\"resource-delegation.appspot.com\",\"locationId\":\"us-central\"}","GCLOUD_PROJECT":"resource-delegation"},"runtime":"nodejs16","ingressSettings":"ALLOW_ALL","buildId":"8b7defc8-94b9-41ed-a54d-75418d6c2bce","buildName":"projects/229874747892/locations/us-central1/builds/8b7defc8-94b9-41ed-a54d-75418d6c2bce","dockerRegistry":"CONTAINER_REGISTRY"},"versionId":"3","updateTime":"2022-09-25T17:04:07Z"}}
[debug] [2022-09-25T17:04:07.959Z] >>> [apiv2][query] GET https://cloudfunctions.googleapis.com/v1/operations/cmVzb3VyY2UtZGVsZWdhdGlvbi91cy1jZW50cmFsMS9hcGkvLTczREc1ajhFY0U [none]
[debug] [2022-09-25T17:04:08.264Z] <<< [apiv2][status] GET https://cloudfunctions.googleapis.com/v1/operations/cmVzb3VyY2UtZGVsZWdhdGlvbi91cy1jZW50cmFsMS9hcGkvLTczREc1ajhFY0U 200
[debug] [2022-09-25T17:04:08.264Z] <<< [apiv2][body] GET https://cloudfunctions.googleapis.com/v1/operations/cmVzb3VyY2UtZGVsZWdhdGlvbi91cy1jZW50cmFsMS9hcGkvLTczREc1ajhFY0U {"name":"operations/cmVzb3VyY2UtZGVsZWdhdGlvbi91cy1jZW50cmFsMS9hcGkvLTczREc1ajhFY0U","metadata":{"@type":"type.googleapis.com/google.cloud.functions.v1.OperationMetadataV1","target":"projects/resource-delegation/locations/us-central1/functions/api","type":"UPDATE_FUNCTION","request":{"@type":"type.googleapis.com/google.cloud.functions.v1.CloudFunction","name":"projects/resource-delegation/locations/us-central1/functions/api","httpsTrigger":{"url":"https://us-central1-resource-delegation.cloudfunctions.net/api","securityLevel":"SECURE_ALWAYS"},"status":"ACTIVE","entryPoint":"api","timeout":"60s","availableMemoryMb":256,"serviceAccountEmail":"resource-delegation@appspot.gserviceaccount.com","updateTime":"2022-09-25T16:49:07.800Z","versionId":"2","labels":{"deployment-tool":"cli-firebase"},"sourceUploadUrl":"https://storage.googleapis.com/uploads-812891418493.us-central1.cloudfunctions.appspot.com/7d8b5ac3-1236-4d9c-9102-8c817e8c1707.zip?GoogleAccessId=service-229874747892@gcf-admin-robot.iam.gserviceaccount.com&Expires=1664127246&Signature=NYoHbrUy5gEUPMtDPPfen6DTlR9hXfxLnPuPbMNlLBPPXlA%2FBJB30%2FLzYdI5I2W7tEWHC2VU7IsSESVBUP8uuOBcTaFBO7gkIelbGOZNi3DCd1FYMt77emmatvcF5cYwThGbhkGIObMPfFy%2BiM%2FWhbjdJN1mg9FJoAvNsJVdFw%2FLY4%2BgY2CB9bng4AWTE5deE%2FjGpKZBmtgntXQa7UB867D3izYmrE4JUogtnS0yybafSUAdbppCXNlg99qY1zrOxmqFRSPOEldykTKZ0SvOemadfFZRWBGIYYjG5pbzX1aaWg8%2FmApASYX4CUu6%2BTW80GYHt3hIrNa0Z%2BFSDpZfmA%3D%3D","environmentVariables":{"BROWSER":"none","FIREBASE_CONFIG":"{\"projectId\":\"resource-delegation\",\"storageBucket\":\"resource-delegation.appspot.com\",\"locationId\":\"us-central\"}","GCLOUD_PROJECT":"resource-delegation"},"runtime":"nodejs16","ingressSettings":"ALLOW_ALL","buildId":"8b7defc8-94b9-41ed-a54d-75418d6c2bce","buildName":"projects/229874747892/locations/us-central1/builds/8b7defc8-94b9-41ed-a54d-75418d6c2bce","dockerRegistry":"CONTAINER_REGISTRY"},"versionId":"3","updateTime":"2022-09-25T17:04:08Z"}}
[debug] [2022-09-25T17:04:08.766Z] [update-default-us-central1-api] Retrying task index 0
[debug] [2022-09-25T17:04:08.766Z] >>> [apiv2][query] GET https://cloudfunctions.googleapis.com/v1/operations/cmVzb3VyY2UtZGVsZWdhdGlvbi91cy1jZW50cmFsMS9hcGkvLTczREc1ajhFY0U [none]
[debug] [2022-09-25T17:04:09.143Z] <<< [apiv2][status] GET https://cloudfunctions.googleapis.com/v1/operations/cmVzb3VyY2UtZGVsZWdhdGlvbi91cy1jZW50cmFsMS9hcGkvLTczREc1ajhFY0U 200
[debug] [2022-09-25T17:04:09.143Z] <<< [apiv2][body] GET https://cloudfunctions.googleapis.com/v1/operations/cmVzb3VyY2UtZGVsZWdhdGlvbi91cy1jZW50cmFsMS9hcGkvLTczREc1ajhFY0U {"name":"operations/cmVzb3VyY2UtZGVsZWdhdGlvbi91cy1jZW50cmFsMS9hcGkvLTczREc1ajhFY0U","metadata":{"@type":"type.googleapis.com/google.cloud.functions.v1.OperationMetadataV1","target":"projects/resource-delegation/locations/us-central1/functions/api","type":"UPDATE_FUNCTION","request":{"@type":"type.googleapis.com/google.cloud.functions.v1.CloudFunction","name":"projects/resource-delegation/locations/us-central1/functions/api","httpsTrigger":{"url":"https://us-central1-resource-delegation.cloudfunctions.net/api","securityLevel":"SECURE_ALWAYS"},"status":"ACTIVE","entryPoint":"api","timeout":"60s","availableMemoryMb":256,"serviceAccountEmail":"resource-delegation@appspot.gserviceaccount.com","updateTime":"2022-09-25T16:49:07.800Z","versionId":"2","labels":{"deployment-tool":"cli-firebase"},"sourceUploadUrl":"https://storage.googleapis.com/uploads-812891418493.us-central1.cloudfunctions.appspot.com/7d8b5ac3-1236-4d9c-9102-8c817e8c1707.zip?GoogleAccessId=service-229874747892@gcf-admin-robot.iam.gserviceaccount.com&Expires=1664127246&Signature=NYoHbrUy5gEUPMtDPPfen6DTlR9hXfxLnPuPbMNlLBPPXlA%2FBJB30%2FLzYdI5I2W7tEWHC2VU7IsSESVBUP8uuOBcTaFBO7gkIelbGOZNi3DCd1FYMt77emmatvcF5cYwThGbhkGIObMPfFy%2BiM%2FWhbjdJN1mg9FJoAvNsJVdFw%2FLY4%2BgY2CB9bng4AWTE5deE%2FjGpKZBmtgntXQa7UB867D3izYmrE4JUogtnS0yybafSUAdbppCXNlg99qY1zrOxmqFRSPOEldykTKZ0SvOemadfFZRWBGIYYjG5pbzX1aaWg8%2FmApASYX4CUu6%2BTW80GYHt3hIrNa0Z%2BFSDpZfmA%3D%3D","environmentVariables":{"BROWSER":"none","FIREBASE_CONFIG":"{\"projectId\":\"resource-delegation\",\"storageBucket\":\"resource-delegation.appspot.com\",\"locationId\":\"us-central\"}","GCLOUD_PROJECT":"resource-delegation"},"runtime":"nodejs16","ingressSettings":"ALLOW_ALL","buildId":"8b7defc8-94b9-41ed-a54d-75418d6c2bce","buildName":"projects/229874747892/locations/us-central1/builds/8b7defc8-94b9-41ed-a54d-75418d6c2bce","dockerRegistry":"CONTAINER_REGISTRY"},"versionId":"3","updateTime":"2022-09-25T17:04:08Z","buildId":"5b150f13-96f1-4880-adf9-b8168ca78030","buildName":"projects/229874747892/locations/us-central1/builds/5b150f13-96f1-4880-adf9-b8168ca78030"}}
[debug] [2022-09-25T17:04:10.150Z] [update-default-us-central1-api] Retrying task index 0
[debug] [2022-09-25T17:04:10.150Z] >>> [apiv2][query] GET https://cloudfunctions.googleapis.com/v1/operations/cmVzb3VyY2UtZGVsZWdhdGlvbi91cy1jZW50cmFsMS9hcGkvLTczREc1ajhFY0U [none]
[debug] [2022-09-25T17:04:10.505Z] <<< [apiv2][status] GET https://cloudfunctions.googleapis.com/v1/operations/cmVzb3VyY2UtZGVsZWdhdGlvbi91cy1jZW50cmFsMS9hcGkvLTczREc1ajhFY0U 200
[debug] [2022-09-25T17:04:10.505Z] <<< [apiv2][body] GET https://cloudfunctions.googleapis.com/v1/operations/cmVzb3VyY2UtZGVsZWdhdGlvbi91cy1jZW50cmFsMS9hcGkvLTczREc1ajhFY0U {"name":"operations/cmVzb3VyY2UtZGVsZWdhdGlvbi91cy1jZW50cmFsMS9hcGkvLTczREc1ajhFY0U","metadata":{"@type":"type.googleapis.com/google.cloud.functions.v1.OperationMetadataV1","target":"projects/resource-delegation/locations/us-central1/functions/api","type":"UPDATE_FUNCTION","request":{"@type":"type.googleapis.com/google.cloud.functions.v1.CloudFunction","name":"projects/resource-delegation/locations/us-central1/functions/api","httpsTrigger":{"url":"https://us-central1-resource-delegation.cloudfunctions.net/api","securityLevel":"SECURE_ALWAYS"},"status":"ACTIVE","entryPoint":"api","timeout":"60s","availableMemoryMb":256,"serviceAccountEmail":"resource-delegation@appspot.gserviceaccount.com","updateTime":"2022-09-25T16:49:07.800Z","versionId":"2","labels":{"deployment-tool":"cli-firebase"},"sourceUploadUrl":"https://storage.googleapis.com/uploads-812891418493.us-central1.cloudfunctions.appspot.com/7d8b5ac3-1236-4d9c-9102-8c817e8c1707.zip?GoogleAccessId=service-229874747892@gcf-admin-robot.iam.gserviceaccount.com&Expires=1664127246&Signature=NYoHbrUy5gEUPMtDPPfen6DTlR9hXfxLnPuPbMNlLBPPXlA%2FBJB30%2FLzYdI5I2W7tEWHC2VU7IsSESVBUP8uuOBcTaFBO7gkIelbGOZNi3DCd1FYMt77emmatvcF5cYwThGbhkGIObMPfFy%2BiM%2FWhbjdJN1mg9FJoAvNsJVdFw%2FLY4%2BgY2CB9bng4AWTE5deE%2FjGpKZBmtgntXQa7UB867D3izYmrE4JUogtnS0yybafSUAdbppCXNlg99qY1zrOxmqFRSPOEldykTKZ0SvOemadfFZRWBGIYYjG5pbzX1aaWg8%2FmApASYX4CUu6%2BTW80GYHt3hIrNa0Z%2BFSDpZfmA%3D%3D","environmentVariables":{"BROWSER":"none","FIREBASE_CONFIG":"{\"projectId\":\"resource-delegation\",\"storageBucket\":\"resource-delegation.appspot.com\",\"locationId\":\"us-central\"}","GCLOUD_PROJECT":"resource-delegation"},"runtime":"nodejs16","ingressSettings":"ALLOW_ALL","buildId":"8b7defc8-94b9-41ed-a54d-75418d6c2bce","buildName":"projects/229874747892/locations/us-central1/builds/8b7defc8-94b9-41ed-a54d-75418d6c2bce","dockerRegistry":"CONTAINER_REGISTRY"},"versionId":"3","updateTime":"2022-09-25T17:04:08Z","buildId":"5b150f13-96f1-4880-adf9-b8168ca78030","buildName":"projects/229874747892/locations/us-central1/builds/5b150f13-96f1-4880-adf9-b8168ca78030"}}
[debug] [2022-09-25T17:04:12.515Z] [update-default-us-central1-api] Retrying task index 0
[debug] [2022-09-25T17:04:12.515Z] >>> [apiv2][query] GET https://cloudfunctions.googleapis.com/v1/operations/cmVzb3VyY2UtZGVsZWdhdGlvbi91cy1jZW50cmFsMS9hcGkvLTczREc1ajhFY0U [none]
[debug] [2022-09-25T17:04:12.788Z] <<< [apiv2][status] GET https://cloudfunctions.googleapis.com/v1/operations/cmVzb3VyY2UtZGVsZWdhdGlvbi91cy1jZW50cmFsMS9hcGkvLTczREc1ajhFY0U 200
[debug] [2022-09-25T17:04:12.788Z] <<< [apiv2][body] GET https://cloudfunctions.googleapis.com/v1/operations/cmVzb3VyY2UtZGVsZWdhdGlvbi91cy1jZW50cmFsMS9hcGkvLTczREc1ajhFY0U {"name":"operations/cmVzb3VyY2UtZGVsZWdhdGlvbi91cy1jZW50cmFsMS9hcGkvLTczREc1ajhFY0U","metadata":{"@type":"type.googleapis.com/google.cloud.functions.v1.OperationMetadataV1","target":"projects/resource-delegation/locations/us-central1/functions/api","type":"UPDATE_FUNCTION","request":{"@type":"type.googleapis.com/google.cloud.functions.v1.CloudFunction","name":"projects/resource-delegation/locations/us-central1/functions/api","httpsTrigger":{"url":"https://us-central1-resource-delegation.cloudfunctions.net/api","securityLevel":"SECURE_ALWAYS"},"status":"ACTIVE","entryPoint":"api","timeout":"60s","availableMemoryMb":256,"serviceAccountEmail":"resource-delegation@appspot.gserviceaccount.com","updateTime":"2022-09-25T16:49:07.800Z","versionId":"2","labels":{"deployment-tool":"cli-firebase"},"sourceUploadUrl":"https://storage.googleapis.com/uploads-812891418493.us-central1.cloudfunctions.appspot.com/7d8b5ac3-1236-4d9c-9102-8c817e8c1707.zip?GoogleAccessId=service-229874747892@gcf-admin-robot.iam.gserviceaccount.com&Expires=1664127246&Signature=NYoHbrUy5gEUPMtDPPfen6DTlR9hXfxLnPuPbMNlLBPPXlA%2FBJB30%2FLzYdI5I2W7tEWHC2VU7IsSESVBUP8uuOBcTaFBO7gkIelbGOZNi3DCd1FYMt77emmatvcF5cYwThGbhkGIObMPfFy%2BiM%2FWhbjdJN1mg9FJoAvNsJVdFw%2FLY4%2BgY2CB9bng4AWTE5deE%2FjGpKZBmtgntXQa7UB867D3izYmrE4JUogtnS0yybafSUAdbppCXNlg99qY1zrOxmqFRSPOEldykTKZ0SvOemadfFZRWBGIYYjG5pbzX1aaWg8%2FmApASYX4CUu6%2BTW80GYHt3hIrNa0Z%2BFSDpZfmA%3D%3D","environmentVariables":{"BROWSER":"none","FIREBASE_CONFIG":"{\"projectId\":\"resource-delegation\",\"storageBucket\":\"resource-delegation.appspot.com\",\"locationId\":\"us-central\"}","GCLOUD_PROJECT":"resource-delegation"},"runtime":"nodejs16","ingressSettings":"ALLOW_ALL","buildId":"8b7defc8-94b9-41ed-a54d-75418d6c2bce","buildName":"projects/229874747892/locations/us-central1/builds/8b7defc8-94b9-41ed-a54d-75418d6c2bce","dockerRegistry":"CONTAINER_REGISTRY"},"versionId":"3","updateTime":"2022-09-25T17:04:08Z","buildId":"5b150f13-96f1-4880-adf9-b8168ca78030","buildName":"projects/229874747892/locations/us-central1/builds/5b150f13-96f1-4880-adf9-b8168ca78030"}}
[debug] [2022-09-25T17:04:16.800Z] [update-default-us-central1-api] Retrying task index 0
[debug] [2022-09-25T17:04:16.800Z] >>> [apiv2][query] GET https://cloudfunctions.googleapis.com/v1/operations/cmVzb3VyY2UtZGVsZWdhdGlvbi91cy1jZW50cmFsMS9hcGkvLTczREc1ajhFY0U [none]
[debug] [2022-09-25T17:04:17.075Z] <<< [apiv2][status] GET https://cloudfunctions.googleapis.com/v1/operations/cmVzb3VyY2UtZGVsZWdhdGlvbi91cy1jZW50cmFsMS9hcGkvLTczREc1ajhFY0U 200
[debug] [2022-09-25T17:04:17.075Z] <<< [apiv2][body] GET https://cloudfunctions.googleapis.com/v1/operations/cmVzb3VyY2UtZGVsZWdhdGlvbi91cy1jZW50cmFsMS9hcGkvLTczREc1ajhFY0U {"name":"operations/cmVzb3VyY2UtZGVsZWdhdGlvbi91cy1jZW50cmFsMS9hcGkvLTczREc1ajhFY0U","metadata":{"@type":"type.googleapis.com/google.cloud.functions.v1.OperationMetadataV1","target":"projects/resource-delegation/locations/us-central1/functions/api","type":"UPDATE_FUNCTION","request":{"@type":"type.googleapis.com/google.cloud.functions.v1.CloudFunction","name":"projects/resource-delegation/locations/us-central1/functions/api","httpsTrigger":{"url":"https://us-central1-resource-delegation.cloudfunctions.net/api","securityLevel":"SECURE_ALWAYS"},"status":"ACTIVE","entryPoint":"api","timeout":"60s","availableMemoryMb":256,"serviceAccountEmail":"resource-delegation@appspot.gserviceaccount.com","updateTime":"2022-09-25T16:49:07.800Z","versionId":"2","labels":{"deployment-tool":"cli-firebase"},"sourceUploadUrl":"https://storage.googleapis.com/uploads-812891418493.us-central1.cloudfunctions.appspot.com/7d8b5ac3-1236-4d9c-9102-8c817e8c1707.zip?GoogleAccessId=service-229874747892@gcf-admin-robot.iam.gserviceaccount.com&Expires=1664127246&Signature=NYoHbrUy5gEUPMtDPPfen6DTlR9hXfxLnPuPbMNlLBPPXlA%2FBJB30%2FLzYdI5I2W7tEWHC2VU7IsSESVBUP8uuOBcTaFBO7gkIelbGOZNi3DCd1FYMt77emmatvcF5cYwThGbhkGIObMPfFy%2BiM%2FWhbjdJN1mg9FJoAvNsJVdFw%2FLY4%2BgY2CB9bng4AWTE5deE%2FjGpKZBmtgntXQa7UB867D3izYmrE4JUogtnS0yybafSUAdbppCXNlg99qY1zrOxmqFRSPOEldykTKZ0SvOemadfFZRWBGIYYjG5pbzX1aaWg8%2FmApASYX4CUu6%2BTW80GYHt3hIrNa0Z%2BFSDpZfmA%3D%3D","environmentVariables":{"BROWSER":"none","FIREBASE_CONFIG":"{\"projectId\":\"resource-delegation\",\"storageBucket\":\"resource-delegation.appspot.com\",\"locationId\":\"us-central\"}","GCLOUD_PROJECT":"resource-delegation"},"runtime":"nodejs16","ingressSettings":"ALLOW_ALL","buildId":"8b7defc8-94b9-41ed-a54d-75418d6c2bce","buildName":"projects/229874747892/locations/us-central1/builds/8b7defc8-94b9-41ed-a54d-75418d6c2bce","dockerRegistry":"CONTAINER_REGISTRY"},"versionId":"3","updateTime":"2022-09-25T17:04:08Z","buildId":"5b150f13-96f1-4880-adf9-b8168ca78030","buildName":"projects/229874747892/locations/us-central1/builds/5b150f13-96f1-4880-adf9-b8168ca78030"}}
[debug] [2022-09-25T17:04:25.082Z] [update-default-us-central1-api] Retrying task index 0
[debug] [2022-09-25T17:04:25.082Z] >>> [apiv2][query] GET https://cloudfunctions.googleapis.com/v1/operations/cmVzb3VyY2UtZGVsZWdhdGlvbi91cy1jZW50cmFsMS9hcGkvLTczREc1ajhFY0U [none]
[debug] [2022-09-25T17:04:25.347Z] <<< [apiv2][status] GET https://cloudfunctions.googleapis.com/v1/operations/cmVzb3VyY2UtZGVsZWdhdGlvbi91cy1jZW50cmFsMS9hcGkvLTczREc1ajhFY0U 200
[debug] [2022-09-25T17:04:25.348Z] <<< [apiv2][body] GET https://cloudfunctions.googleapis.com/v1/operations/cmVzb3VyY2UtZGVsZWdhdGlvbi91cy1jZW50cmFsMS9hcGkvLTczREc1ajhFY0U {"name":"operations/cmVzb3VyY2UtZGVsZWdhdGlvbi91cy1jZW50cmFsMS9hcGkvLTczREc1ajhFY0U","metadata":{"@type":"type.googleapis.com/google.cloud.functions.v1.OperationMetadataV1","target":"projects/resource-delegation/locations/us-central1/functions/api","type":"UPDATE_FUNCTION","request":{"@type":"type.googleapis.com/google.cloud.functions.v1.CloudFunction","name":"projects/resource-delegation/locations/us-central1/functions/api","httpsTrigger":{"url":"https://us-central1-resource-delegation.cloudfunctions.net/api","securityLevel":"SECURE_ALWAYS"},"status":"ACTIVE","entryPoint":"api","timeout":"60s","availableMemoryMb":256,"serviceAccountEmail":"resource-delegation@appspot.gserviceaccount.com","updateTime":"2022-09-25T16:49:07.800Z","versionId":"2","labels":{"deployment-tool":"cli-firebase"},"sourceUploadUrl":"https://storage.googleapis.com/uploads-812891418493.us-central1.cloudfunctions.appspot.com/7d8b5ac3-1236-4d9c-9102-8c817e8c1707.zip?GoogleAccessId=service-229874747892@gcf-admin-robot.iam.gserviceaccount.com&Expires=1664127246&Signature=NYoHbrUy5gEUPMtDPPfen6DTlR9hXfxLnPuPbMNlLBPPXlA%2FBJB30%2FLzYdI5I2W7tEWHC2VU7IsSESVBUP8uuOBcTaFBO7gkIelbGOZNi3DCd1FYMt77emmatvcF5cYwThGbhkGIObMPfFy%2BiM%2FWhbjdJN1mg9FJoAvNsJVdFw%2FLY4%2BgY2CB9bng4AWTE5deE%2FjGpKZBmtgntXQa7UB867D3izYmrE4JUogtnS0yybafSUAdbppCXNlg99qY1zrOxmqFRSPOEldykTKZ0SvOemadfFZRWBGIYYjG5pbzX1aaWg8%2FmApASYX4CUu6%2BTW80GYHt3hIrNa0Z%2BFSDpZfmA%3D%3D","environmentVariables":{"BROWSER":"none","FIREBASE_CONFIG":"{\"projectId\":\"resource-delegation\",\"storageBucket\":\"resource-delegation.appspot.com\",\"locationId\":\"us-central\"}","GCLOUD_PROJECT":"resource-delegation"},"runtime":"nodejs16","ingressSettings":"ALLOW_ALL","buildId":"8b7defc8-94b9-41ed-a54d-75418d6c2bce","buildName":"projects/229874747892/locations/us-central1/builds/8b7defc8-94b9-41ed-a54d-75418d6c2bce","dockerRegistry":"CONTAINER_REGISTRY"},"versionId":"3","updateTime":"2022-09-25T17:04:08Z","buildId":"5b150f13-96f1-4880-adf9-b8168ca78030","buildName":"projects/229874747892/locations/us-central1/builds/5b150f13-96f1-4880-adf9-b8168ca78030"}}
[debug] [2022-09-25T17:04:35.360Z] [update-default-us-central1-api] Retrying task index 0
[debug] [2022-09-25T17:04:35.361Z] >>> [apiv2][query] GET https://cloudfunctions.googleapis.com/v1/operations/cmVzb3VyY2UtZGVsZWdhdGlvbi91cy1jZW50cmFsMS9hcGkvLTczREc1ajhFY0U [none]
[debug] [2022-09-25T17:04:35.684Z] <<< [apiv2][status] GET https://cloudfunctions.googleapis.com/v1/operations/cmVzb3VyY2UtZGVsZWdhdGlvbi91cy1jZW50cmFsMS9hcGkvLTczREc1ajhFY0U 200
[debug] [2022-09-25T17:04:35.684Z] <<< [apiv2][body] GET https://cloudfunctions.googleapis.com/v1/operations/cmVzb3VyY2UtZGVsZWdhdGlvbi91cy1jZW50cmFsMS9hcGkvLTczREc1ajhFY0U {"name":"operations/cmVzb3VyY2UtZGVsZWdhdGlvbi91cy1jZW50cmFsMS9hcGkvLTczREc1ajhFY0U","metadata":{"@type":"type.googleapis.com/google.cloud.functions.v1.OperationMetadataV1","target":"projects/resource-delegation/locations/us-central1/functions/api","type":"UPDATE_FUNCTION","request":{"@type":"type.googleapis.com/google.cloud.functions.v1.CloudFunction","name":"projects/resource-delegation/locations/us-central1/functions/api","httpsTrigger":{"url":"https://us-central1-resource-delegation.cloudfunctions.net/api","securityLevel":"SECURE_ALWAYS"},"status":"ACTIVE","entryPoint":"api","timeout":"60s","availableMemoryMb":256,"serviceAccountEmail":"resource-delegation@appspot.gserviceaccount.com","updateTime":"2022-09-25T16:49:07.800Z","versionId":"2","labels":{"deployment-tool":"cli-firebase"},"sourceUploadUrl":"https://storage.googleapis.com/uploads-812891418493.us-central1.cloudfunctions.appspot.com/7d8b5ac3-1236-4d9c-9102-8c817e8c1707.zip?GoogleAccessId=service-229874747892@gcf-admin-robot.iam.gserviceaccount.com&Expires=1664127246&Signature=NYoHbrUy5gEUPMtDPPfen6DTlR9hXfxLnPuPbMNlLBPPXlA%2FBJB30%2FLzYdI5I2W7tEWHC2VU7IsSESVBUP8uuOBcTaFBO7gkIelbGOZNi3DCd1FYMt77emmatvcF5cYwThGbhkGIObMPfFy%2BiM%2FWhbjdJN1mg9FJoAvNsJVdFw%2FLY4%2BgY2CB9bng4AWTE5deE%2FjGpKZBmtgntXQa7UB867D3izYmrE4JUogtnS0yybafSUAdbppCXNlg99qY1zrOxmqFRSPOEldykTKZ0SvOemadfFZRWBGIYYjG5pbzX1aaWg8%2FmApASYX4CUu6%2BTW80GYHt3hIrNa0Z%2BFSDpZfmA%3D%3D","environmentVariables":{"BROWSER":"none","FIREBASE_CONFIG":"{\"projectId\":\"resource-delegation\",\"storageBucket\":\"resource-delegation.appspot.com\",\"locationId\":\"us-central\"}","GCLOUD_PROJECT":"resource-delegation"},"runtime":"nodejs16","ingressSettings":"ALLOW_ALL","buildId":"8b7defc8-94b9-41ed-a54d-75418d6c2bce","buildName":"projects/229874747892/locations/us-central1/builds/8b7defc8-94b9-41ed-a54d-75418d6c2bce","dockerRegistry":"CONTAINER_REGISTRY"},"versionId":"3","updateTime":"2022-09-25T17:04:08Z","buildId":"5b150f13-96f1-4880-adf9-b8168ca78030","buildName":"projects/229874747892/locations/us-central1/builds/5b150f13-96f1-4880-adf9-b8168ca78030"}}
